2019-10-25 15:53:28.472 INFO  --- [StartupInfoLogger.java:50][restartedMain] - Starting MyApplication on admin-PC with PID 13540 (F:\SpringBoot-Shiro-Vue-master\back\target\classes started by admin in F:\SpringBoot-Shiro-Vue-master\back)
2019-10-25 15:53:28.488 INFO  --- [SpringApplication.java:675][restartedMain] - No active profile set, falling back to default profiles: default
2019-10-25 15:53:29.548 WARN  --- [ClassPathMapperScanner.java:142][restartedMain] - No MyBatis mapper was found in '[com.heeexy.example]' package. Please check your configuration.
2019-10-25 15:53:29.563 WARN  --- [ClassPathMapperScanner.java:166][restartedMain] - No MyBatis mapper was found in '[com.heeexy.example]' package. Please check your configuration.
2019-10-25 15:53:32.512 INFO  --- [MapperCacheDisabler.java:60][restartedMain] - Clear tk.mybatis.mapper.util.MsUtil CLASS_CACHE cache.
2019-10-25 15:53:32.512 INFO  --- [MapperCacheDisabler.java:60][restartedMain] - Clear tk.mybatis.mapper.genid.GenIdUtil CACHE cache.
2019-10-25 15:53:32.512 INFO  --- [MapperCacheDisabler.java:60][restartedMain] - Clear tk.mybatis.mapper.version.VersionUtil CACHE cache.
2019-10-25 15:53:32.512 INFO  --- [MapperCacheDisabler.java:83][restartedMain] - Clear EntityHelper entityTableMap cache.
2019-10-25 15:53:32.808 INFO  --- [StartupInfoLogger.java:59][restartedMain] - Started MyApplication in 4.898 seconds (JVM running for 6.424)
2019-10-25 16:02:19.610 INFO  --- [StartupInfoLogger.java:50][restartedMain] - Starting MyApplication on admin-PC with PID 13392 (F:\SpringBoot-Shiro-Vue-master\back\target\classes started by admin in F:\SpringBoot-Shiro-Vue-master\back)
2019-10-25 16:02:19.625 INFO  --- [SpringApplication.java:675][restartedMain] - No active profile set, falling back to default profiles: default
2019-10-25 16:02:20.784 WARN  --- [ClassPathMapperScanner.java:142][restartedMain] - No MyBatis mapper was found in '[com.heeexy.example]' package. Please check your configuration.
2019-10-25 16:02:20.800 WARN  --- [ClassPathMapperScanner.java:166][restartedMain] - No MyBatis mapper was found in '[com.heeexy.example]' package. Please check your configuration.
2019-10-25 16:02:23.649 INFO  --- [MapperCacheDisabler.java:60][restartedMain] - Clear tk.mybatis.mapper.util.MsUtil CLASS_CACHE cache.
2019-10-25 16:02:23.649 INFO  --- [MapperCacheDisabler.java:60][restartedMain] - Clear tk.mybatis.mapper.genid.GenIdUtil CACHE cache.
2019-10-25 16:02:23.664 INFO  --- [MapperCacheDisabler.java:60][restartedMain] - Clear tk.mybatis.mapper.version.VersionUtil CACHE cache.
2019-10-25 16:02:23.664 INFO  --- [MapperCacheDisabler.java:83][restartedMain] - Clear EntityHelper entityTableMap cache.
2019-10-25 16:02:23.950 INFO  --- [StartupInfoLogger.java:59][restartedMain] - Started MyApplication in 5.323 seconds (JVM running for 8.906)
2019-10-25 16:17:23.743 INFO  --- [StartupInfoLogger.java:50][restartedMain] - Starting MyApplication on admin-PC with PID 13016 (F:\SpringBoot-Shiro-Vue-master\back\target\classes started by admin in F:\SpringBoot-Shiro-Vue-master\back)
2019-10-25 16:17:23.743 INFO  --- [SpringApplication.java:675][restartedMain] - No active profile set, falling back to default profiles: default
2019-10-25 16:17:24.651 WARN  --- [ClassPathMapperScanner.java:142][restartedMain] - No MyBatis mapper was found in '[com.heeexy.example]' package. Please check your configuration.
2019-10-25 16:17:24.667 WARN  --- [ClassPathMapperScanner.java:166][restartedMain] - No MyBatis mapper was found in '[com.heeexy.example]' package. Please check your configuration.
2019-10-25 16:17:27.382 INFO  --- [MapperCacheDisabler.java:60][restartedMain] - Clear tk.mybatis.mapper.util.MsUtil CLASS_CACHE cache.
2019-10-25 16:17:27.382 INFO  --- [MapperCacheDisabler.java:60][restartedMain] - Clear tk.mybatis.mapper.genid.GenIdUtil CACHE cache.
2019-10-25 16:17:27.382 INFO  --- [MapperCacheDisabler.java:60][restartedMain] - Clear tk.mybatis.mapper.version.VersionUtil CACHE cache.
2019-10-25 16:17:27.382 INFO  --- [MapperCacheDisabler.java:83][restartedMain] - Clear EntityHelper entityTableMap cache.
2019-10-25 16:17:27.663 INFO  --- [StartupInfoLogger.java:59][restartedMain] - Started MyApplication in 4.435 seconds (JVM running for 5.649)
2019-10-25 16:18:56.452 INFO  --- [StartupInfoLogger.java:50][restartedMain] - Starting MyApplication on admin-PC with PID 13664 (F:\SpringBoot-Shiro-Vue-master\back\target\classes started by admin in F:\SpringBoot-Shiro-Vue-master\back)
2019-10-25 16:18:56.452 INFO  --- [SpringApplication.java:675][restartedMain] - No active profile set, falling back to default profiles: default
2019-10-25 16:18:57.185 WARN  --- [ClassPathMapperScanner.java:142][restartedMain] - No MyBatis mapper was found in '[com.heeexy.example]' package. Please check your configuration.
2019-10-25 16:18:57.201 WARN  --- [ClassPathMapperScanner.java:166][restartedMain] - No MyBatis mapper was found in '[com.heeexy.example]' package. Please check your configuration.
2019-10-25 16:18:59.572 INFO  --- [MapperCacheDisabler.java:60][restartedMain] - Clear tk.mybatis.mapper.util.MsUtil CLASS_CACHE cache.
2019-10-25 16:18:59.572 INFO  --- [MapperCacheDisabler.java:60][restartedMain] - Clear tk.mybatis.mapper.genid.GenIdUtil CACHE cache.
2019-10-25 16:18:59.572 INFO  --- [MapperCacheDisabler.java:60][restartedMain] - Clear tk.mybatis.mapper.version.VersionUtil CACHE cache.
2019-10-25 16:18:59.572 INFO  --- [MapperCacheDisabler.java:83][restartedMain] - Clear EntityHelper entityTableMap cache.
2019-10-25 16:18:59.853 INFO  --- [StartupInfoLogger.java:59][restartedMain] - Started MyApplication in 3.822 seconds (JVM running for 4.792)
2019-10-25 16:49:33.656 INFO  --- [StartupInfoLogger.java:50][restartedMain] - Starting MyApplication on admin-PC with PID 7744 (F:\SpringBoot-Shiro-Vue-master\back\target\classes started by admin in F:\SpringBoot-Shiro-Vue-master\back)
2019-10-25 16:49:33.664 INFO  --- [SpringApplication.java:675][restartedMain] - No active profile set, falling back to default profiles: default
2019-10-25 16:49:34.630 WARN  --- [ClassPathMapperScanner.java:142][restartedMain] - No MyBatis mapper was found in '[com.heeexy.example]' package. Please check your configuration.
2019-10-25 16:49:34.659 WARN  --- [ClassPathMapperScanner.java:166][restartedMain] - No MyBatis mapper was found in '[com.heeexy.example]' package. Please check your configuration.
2019-10-25 16:49:37.338 INFO  --- [MapperCacheDisabler.java:60][restartedMain] - Clear tk.mybatis.mapper.util.MsUtil CLASS_CACHE cache.
2019-10-25 16:49:37.338 INFO  --- [MapperCacheDisabler.java:60][restartedMain] - Clear tk.mybatis.mapper.genid.GenIdUtil CACHE cache.
2019-10-25 16:49:37.339 INFO  --- [MapperCacheDisabler.java:60][restartedMain] - Clear tk.mybatis.mapper.version.VersionUtil CACHE cache.
2019-10-25 16:49:37.339 INFO  --- [MapperCacheDisabler.java:83][restartedMain] - Clear EntityHelper entityTableMap cache.
2019-10-25 16:49:37.639 INFO  --- [StartupInfoLogger.java:59][restartedMain] - Started MyApplication in 4.89 seconds (JVM running for 6.608)
2019-10-25 17:23:37.930 INFO  --- [StartupInfoLogger.java:50][restartedMain] - Starting MyApplication on admin-PC with PID 15044 (F:\SpringBoot-Shiro-Vue-master\back\target\classes started by admin in F:\SpringBoot-Shiro-Vue-master\back)
2019-10-25 17:23:37.943 INFO  --- [SpringApplication.java:675][restartedMain] - No active profile set, falling back to default profiles: default
2019-10-25 17:23:38.894 WARN  --- [ClassPathMapperScanner.java:142][restartedMain] - No MyBatis mapper was found in '[com.heeexy.example]' package. Please check your configuration.
2019-10-25 17:23:38.926 WARN  --- [ClassPathMapperScanner.java:166][restartedMain] - No MyBatis mapper was found in '[com.heeexy.example]' package. Please check your configuration.
2019-10-25 17:23:41.559 INFO  --- [MapperCacheDisabler.java:60][restartedMain] - Clear tk.mybatis.mapper.util.MsUtil CLASS_CACHE cache.
2019-10-25 17:23:41.560 INFO  --- [MapperCacheDisabler.java:60][restartedMain] - Clear tk.mybatis.mapper.genid.GenIdUtil CACHE cache.
2019-10-25 17:23:41.561 INFO  --- [MapperCacheDisabler.java:60][restartedMain] - Clear tk.mybatis.mapper.version.VersionUtil CACHE cache.
2019-10-25 17:23:41.561 INFO  --- [MapperCacheDisabler.java:83][restartedMain] - Clear EntityHelper entityTableMap cache.
2019-10-25 17:23:41.905 INFO  --- [StartupInfoLogger.java:59][restartedMain] - Started MyApplication in 4.434 seconds (JVM running for 5.769)
2019-10-25 17:41:03.243 WARN  --- [AbstractHandlerExceptionResolver.java:194][http-nio-8888-exec-10] - Resolved [org.springframework.web.HttpRequestMethodNotSupportedException: Request method 'GET' not supported]
2019-10-25 17:42:00.999 WARN  --- [AbstractHandlerExceptionResolver.java:194][http-nio-8888-exec-1] - Resolved [org.springframework.web.HttpRequestMethodNotSupportedException: Request method 'GET' not supported]
2019-10-25 19:55:05.025 INFO  --- [StartupInfoLogger.java:50][restartedMain] - Starting MyApplication on admin-PC with PID 15044 (F:\SpringBoot-Shiro-Vue-master\back\target\classes started by admin in F:\SpringBoot-Shiro-Vue-master\back)
2019-10-25 19:55:05.025 INFO  --- [SpringApplication.java:675][restartedMain] - No active profile set, falling back to default profiles: default
2019-10-25 19:55:05.242 WARN  --- [ClassPathMapperScanner.java:142][restartedMain] - No MyBatis mapper was found in '[com.heeexy.example.dao]' package. Please check your configuration.
2019-10-25 19:55:05.276 WARN  --- [ClassPathMapperScanner.java:142][restartedMain] - No MyBatis mapper was found in '[com.heeexy.example]' package. Please check your configuration.
2019-10-25 19:55:05.278 WARN  --- [ClassPathMapperScanner.java:166][restartedMain] - No MyBatis mapper was found in '[com.heeexy.example]' package. Please check your configuration.
2019-10-25 19:55:05.607 INFO  --- [MapperCacheDisabler.java:60][restartedMain] - Clear tk.mybatis.mapper.util.MsUtil CLASS_CACHE cache.
2019-10-25 19:55:05.607 INFO  --- [MapperCacheDisabler.java:60][restartedMain] - Clear tk.mybatis.mapper.genid.GenIdUtil CACHE cache.
2019-10-25 19:55:05.607 INFO  --- [MapperCacheDisabler.java:60][restartedMain] - Clear tk.mybatis.mapper.version.VersionUtil CACHE cache.
2019-10-25 19:55:05.608 INFO  --- [MapperCacheDisabler.java:83][restartedMain] - Clear EntityHelper entityTableMap cache.
2019-10-25 19:55:05.652 WARN  --- [AbstractApplicationContext.java:554][restartedMain] - Exception encountered during context initialization - cancelling refresh attempt: org.springframework.beans.factory.BeanCreationException: Error creating bean with name 'sqlSessionFactory' defined in class path resource [tk/mybatis/mapper/autoconfigure/MapperAutoConfiguration.class]: Bean instantiation via factory method failed; nested exception is org.springframework.beans.BeanInstantiationException: Failed to instantiate [org.apache.ibatis.session.SqlSessionFactory]: Factory method 'sqlSessionFactory' threw exception; nested exception is org.springframework.core.NestedIOException: Failed to parse mapping resource: 'file [F:\SpringBoot-Shiro-Vue-master\back\target\classes\mapper\PermissionMapper.xml]'; nested exception is org.apache.ibatis.builder.BuilderException: Error parsing Mapper XML. The XML location is 'file [F:\SpringBoot-Shiro-Vue-master\back\target\classes\mapper\PermissionMapper.xml]'. Cause: org.apache.ibatis.builder.BuilderException: Error resolving class. Cause: org.apache.ibatis.type.TypeException: Could not resolve type alias 'com.heeexy.example.util.model.One2Many'.  Cause: java.lang.ClassNotFoundException: Cannot find class: com.heeexy.example.util.model.One2Many
2019-10-25 19:55:05.664 ERROR --- [SpringApplication.java:858][restartedMain] - Application run failed
org.springframework.beans.factory.BeanCreationException: Error creating bean with name 'sqlSessionFactory' defined in class path resource [tk/mybatis/mapper/autoconfigure/MapperAutoConfiguration.class]: Bean instantiation via factory method failed; nested exception is org.springframework.beans.BeanInstantiationException: Failed to instantiate [org.apache.ibatis.session.SqlSessionFactory]: Factory method 'sqlSessionFactory' threw exception; nested exception is org.springframework.core.NestedIOException: Failed to parse mapping resource: 'file [F:\SpringBoot-Shiro-Vue-master\back\target\classes\mapper\PermissionMapper.xml]'; nested exception is org.apache.ibatis.builder.BuilderException: Error parsing Mapper XML. The XML location is 'file [F:\SpringBoot-Shiro-Vue-master\back\target\classes\mapper\PermissionMapper.xml]'. Cause: org.apache.ibatis.builder.BuilderException: Error resolving class. Cause: org.apache.ibatis.type.TypeException: Could not resolve type alias 'com.heeexy.example.util.model.One2Many'.  Cause: java.lang.ClassNotFoundException: Cannot find class: com.heeexy.example.util.model.One2Many
	at org.springframework.beans.factory.support.ConstructorResolver.instantiate(ConstructorResolver.java:625)
	at org.springframework.beans.factory.support.ConstructorResolver.instantiateUsingFactoryMethod(ConstructorResolver.java:605)
	at org.springframework.beans.factory.support.AbstractAutowireCapableBeanFactory.instantiateUsingFactoryMethod(AbstractAutowireCapableBeanFactory.java:1288)
	at org.springframework.beans.factory.support.AbstractAutowireCapableBeanFactory.createBeanInstance(AbstractAutowireCapableBeanFactory.java:1127)
	at org.springframework.beans.factory.support.AbstractAutowireCapableBeanFactory.doCreateBean(AbstractAutowireCapableBeanFactory.java:538)
	at org.springframework.beans.factory.support.AbstractAutowireCapableBeanFactory.createBean(AbstractAutowireCapableBeanFactory.java:498)
	at org.springframework.beans.factory.support.AbstractBeanFactory.lambda$doGetBean$0(AbstractBeanFactory.java:320)
	at org.springframework.beans.factory.support.DefaultSingletonBeanRegistry.getSingleton(DefaultSingletonBeanRegistry.java:222)
	at org.springframework.beans.factory.support.AbstractBeanFactory.doGetBean(AbstractBeanFactory.java:318)
	at org.springframework.beans.factory.support.AbstractBeanFactory.getBean(AbstractBeanFactory.java:199)
	at org.springframework.beans.factory.support.DefaultListableBeanFactory.preInstantiateSingletons(DefaultListableBeanFactory.java:846)
	at org.springframework.context.support.AbstractApplicationContext.finishBeanFactoryInitialization(AbstractApplicationContext.java:863)
	at org.springframework.context.support.AbstractApplicationContext.refresh(AbstractApplicationContext.java:546)
	at org.springframework.boot.web.servlet.context.ServletWebServerApplicationContext.refresh(ServletWebServerApplicationContext.java:140)
	at org.springframework.boot.SpringApplication.refresh(SpringApplication.java:775)
	at org.springframework.boot.SpringApplication.refreshContext(SpringApplication.java:397)
	at org.springframework.boot.SpringApplication.run(SpringApplication.java:316)
	at com.heeexy.example.MyApplication.main(MyApplication.java:22)
	at sun.reflect.NativeMethodAccessorImpl.invoke0(Native Method)
	at sun.reflect.NativeMethodAccessorImpl.invoke(NativeMethodAccessorImpl.java:62)
	at sun.reflect.DelegatingMethodAccessorImpl.invoke(DelegatingMethodAccessorImpl.java:43)
	at java.lang.reflect.Method.invoke(Method.java:498)
	at org.springframework.boot.devtools.restart.RestartLauncher.run(RestartLauncher.java:49)
Caused by: org.springframework.beans.BeanInstantiationException: Failed to instantiate [org.apache.ibatis.session.SqlSessionFactory]: Factory method 'sqlSessionFactory' threw exception; nested exception is org.springframework.core.NestedIOException: Failed to parse mapping resource: 'file [F:\SpringBoot-Shiro-Vue-master\back\target\classes\mapper\PermissionMapper.xml]'; nested exception is org.apache.ibatis.builder.BuilderException: Error parsing Mapper XML. The XML location is 'file [F:\SpringBoot-Shiro-Vue-master\back\target\classes\mapper\PermissionMapper.xml]'. Cause: org.apache.ibatis.builder.BuilderException: Error resolving class. Cause: org.apache.ibatis.type.TypeException: Could not resolve type alias 'com.heeexy.example.util.model.One2Many'.  Cause: java.lang.ClassNotFoundException: Cannot find class: com.heeexy.example.util.model.One2Many
	at org.springframework.beans.factory.support.SimpleInstantiationStrategy.instantiate(SimpleInstantiationStrategy.java:185)
	at org.springframework.beans.factory.support.ConstructorResolver.instantiate(ConstructorResolver.java:620)
	... 22 common frames omitted
Caused by: org.springframework.core.NestedIOException: Failed to parse mapping resource: 'file [F:\SpringBoot-Shiro-Vue-master\back\target\classes\mapper\PermissionMapper.xml]'; nested exception is org.apache.ibatis.builder.BuilderException: Error parsing Mapper XML. The XML location is 'file [F:\SpringBoot-Shiro-Vue-master\back\target\classes\mapper\PermissionMapper.xml]'. Cause: org.apache.ibatis.builder.BuilderException: Error resolving class. Cause: org.apache.ibatis.type.TypeException: Could not resolve type alias 'com.heeexy.example.util.model.One2Many'.  Cause: java.lang.ClassNotFoundException: Cannot find class: com.heeexy.example.util.model.One2Many
	at org.mybatis.spring.SqlSessionFactoryBean.buildSqlSessionFactory(SqlSessionFactoryBean.java:523)
	at org.mybatis.spring.SqlSessionFactoryBean.afterPropertiesSet(SqlSessionFactoryBean.java:380)
	at org.mybatis.spring.SqlSessionFactoryBean.getObject(SqlSessionFactoryBean.java:547)
	at tk.mybatis.mapper.autoconfigure.MapperAutoConfiguration.sqlSessionFactory(MapperAutoConfiguration.java:156)
	at tk.mybatis.mapper.autoconfigure.MapperAutoConfiguration$$EnhancerBySpringCGLIB$$6c5cdf79.CGLIB$sqlSessionFactory$0(<generated>)
	at tk.mybatis.mapper.autoconfigure.MapperAutoConfiguration$$EnhancerBySpringCGLIB$$6c5cdf79$$FastClassBySpringCGLIB$$b53c1ce4.invoke(<generated>)
	at org.springframework.cglib.proxy.MethodProxy.invokeSuper(MethodProxy.java:244)
	at org.springframework.context.annotation.ConfigurationClassEnhancer$BeanMethodInterceptor.intercept(ConfigurationClassEnhancer.java:363)
	at tk.mybatis.mapper.autoconfigure.MapperAutoConfiguration$$EnhancerBySpringCGLIB$$6c5cdf79.sqlSessionFactory(<generated>)
	at sun.reflect.NativeMethodAccessorImpl.invoke0(Native Method)
	at sun.reflect.NativeMethodAccessorImpl.invoke(NativeMethodAccessorImpl.java:62)
	at sun.reflect.DelegatingMethodAccessorImpl.invoke(DelegatingMethodAccessorImpl.java:43)
	at java.lang.reflect.Method.invoke(Method.java:498)
	at org.springframework.beans.factory.support.SimpleInstantiationStrategy.instantiate(SimpleInstantiationStrategy.java:154)
	... 23 common frames omitted
Caused by: org.apache.ibatis.builder.BuilderException: Error parsing Mapper XML. The XML location is 'file [F:\SpringBoot-Shiro-Vue-master\back\target\classes\mapper\PermissionMapper.xml]'. Cause: org.apache.ibatis.builder.BuilderException: Error resolving class. Cause: org.apache.ibatis.type.TypeException: Could not resolve type alias 'com.heeexy.example.util.model.One2Many'.  Cause: java.lang.ClassNotFoundException: Cannot find class: com.heeexy.example.util.model.One2Many
	at org.apache.ibatis.builder.xml.XMLMapperBuilder.configurationElement(XMLMapperBuilder.java:120)
	at org.apache.ibatis.builder.xml.XMLMapperBuilder.parse(XMLMapperBuilder.java:92)
	at org.mybatis.spring.SqlSessionFactoryBean.buildSqlSessionFactory(SqlSessionFactoryBean.java:521)
	... 36 common frames omitted
Caused by: org.apache.ibatis.builder.BuilderException: Error resolving class. Cause: org.apache.ibatis.type.TypeException: Could not resolve type alias 'com.heeexy.example.util.model.One2Many'.  Cause: java.lang.ClassNotFoundException: Cannot find class: com.heeexy.example.util.model.One2Many
	at org.apache.ibatis.builder.BaseBuilder.resolveClass(BaseBuilder.java:118)
	at org.apache.ibatis.builder.xml.XMLMapperBuilder.resultMapElement(XMLMapperBuilder.java:265)
	at org.apache.ibatis.builder.xml.XMLMapperBuilder.resultMapElement(XMLMapperBuilder.java:252)
	at org.apache.ibatis.builder.xml.XMLMapperBuilder.resultMapElements(XMLMapperBuilder.java:244)
	at org.apache.ibatis.builder.xml.XMLMapperBuilder.configurationElement(XMLMapperBuilder.java:116)
	... 38 common frames omitted
Caused by: org.apache.ibatis.type.TypeException: Could not resolve type alias 'com.heeexy.example.util.model.One2Many'.  Cause: java.lang.ClassNotFoundException: Cannot find class: com.heeexy.example.util.model.One2Many
	at org.apache.ibatis.type.TypeAliasRegistry.resolveAlias(TypeAliasRegistry.java:120)
	at org.apache.ibatis.builder.BaseBuilder.resolveAlias(BaseBuilder.java:149)
	at org.apache.ibatis.builder.BaseBuilder.resolveClass(BaseBuilder.java:116)
	... 42 common frames omitted
Caused by: java.lang.ClassNotFoundException: Cannot find class: com.heeexy.example.util.model.One2Many
	at org.apache.ibatis.io.ClassLoaderWrapper.classForName(ClassLoaderWrapper.java:200)
	at org.apache.ibatis.io.ClassLoaderWrapper.classForName(ClassLoaderWrapper.java:89)
	at org.apache.ibatis.io.Resources.classForName(Resources.java:261)
	at org.apache.ibatis.type.TypeAliasRegistry.resolveAlias(TypeAliasRegistry.java:116)
	... 44 common frames omitted
2019-10-25 19:55:08.149 INFO  --- [StartupInfoLogger.java:50][restartedMain] - Starting MyApplication on admin-PC with PID 15044 (F:\SpringBoot-Shiro-Vue-master\back\target\classes started by admin in F:\SpringBoot-Shiro-Vue-master\back)
2019-10-25 19:55:08.150 INFO  --- [SpringApplication.java:675][restartedMain] - No active profile set, falling back to default profiles: default
2019-10-25 19:55:08.476 WARN  --- [ClassPathMapperScanner.java:142][restartedMain] - No MyBatis mapper was found in '[com.heeexy.example]' package. Please check your configuration.
2019-10-25 19:55:08.485 WARN  --- [ClassPathMapperScanner.java:166][restartedMain] - No MyBatis mapper was found in '[com.heeexy.example]' package. Please check your configuration.
2019-10-25 19:55:09.327 INFO  --- [MapperCacheDisabler.java:60][restartedMain] - Clear tk.mybatis.mapper.util.MsUtil CLASS_CACHE cache.
2019-10-25 19:55:09.327 INFO  --- [MapperCacheDisabler.java:60][restartedMain] - Clear tk.mybatis.mapper.genid.GenIdUtil CACHE cache.
2019-10-25 19:55:09.327 INFO  --- [MapperCacheDisabler.java:60][restartedMain] - Clear tk.mybatis.mapper.version.VersionUtil CACHE cache.
2019-10-25 19:55:09.327 INFO  --- [MapperCacheDisabler.java:83][restartedMain] - Clear EntityHelper entityTableMap cache.
2019-10-25 19:55:09.496 INFO  --- [StartupInfoLogger.java:59][restartedMain] - Started MyApplication in 1.4 seconds (JVM running for 9092.991)
